2024-05-09 21:19:00,263 INFO o.a.j.u.JMeterUtils: Setting Locale to en_MY
2024-05-09 21:19:00,274 INFO o.a.j.JMeter: Loading user properties from: user.properties
2024-05-09 21:19:00,274 INFO o.a.j.JMeter: Loading system properties from: system.properties
2024-05-09 21:19:00,274 INFO o.a.j.JMeter: Loading additional properties from: /Users/vishwa/Softwares/apache-jmeter-5.6.3/bin/user.properties
2024-05-09 21:19:00,277 INFO o.a.j.JMeter: Copyright (c) 1998-2024 The Apache Software Foundation
2024-05-09 21:19:00,277 INFO o.a.j.JMeter: Version 5.6.3
2024-05-09 21:19:00,277 INFO o.a.j.JMeter: java.version=21.0.1
2024-05-09 21:19:00,277 INFO o.a.j.JMeter: java.vm.name=OpenJDK 64-Bit Server VM
2024-05-09 21:19:00,277 INFO o.a.j.JMeter: os.name=Mac OS X
2024-05-09 21:19:00,277 INFO o.a.j.JMeter: os.arch=aarch64
2024-05-09 21:19:00,277 INFO o.a.j.JMeter: os.version=14.1.1
2024-05-09 21:19:00,277 INFO o.a.j.JMeter: file.encoding=UTF-8
2024-05-09 21:19:00,277 INFO o.a.j.JMeter: java.awt.headless=true
2024-05-09 21:19:00,277 INFO o.a.j.JMeter: Max memory     =4294967296
2024-05-09 21:19:00,277 INFO o.a.j.JMeter: Available Processors =8
2024-05-09 21:19:00,282 INFO o.a.j.JMeter: Default Locale=English (Malaysia)
2024-05-09 21:19:00,282 INFO o.a.j.JMeter: JMeter  Locale=English (Malaysia)
2024-05-09 21:19:00,282 INFO o.a.j.JMeter: JMeterHome=/Users/vishwa/Softwares/apache-jmeter-5.6.3
2024-05-09 21:19:00,282 INFO o.a.j.JMeter: user.dir  =/Users/vishwa/Softwares/apache-jmeter-5.6.3/bin
2024-05-09 21:19:00,282 INFO o.a.j.JMeter: PWD       =/Users/vishwa/Softwares/apache-jmeter-5.6.3/bin
2024-05-09 21:19:00,283 INFO o.a.j.JMeter: IP: 127.0.0.1 Name: Vishwanathas-MacBook-Pro.local FullName: localhost
2024-05-09 21:19:00,290 INFO o.a.j.JMeter: Setting property 'jmeter.reportgenerator.outputdir' to:'/Users/vishwa/Softwares/Test Scripts and Test Data/Reports/report3'
2024-05-09 21:19:00,291 INFO o.a.j.r.d.ReportGenerator: ReportGenerator will use for Parsing the separator: ','
2024-05-09 21:19:00,291 INFO o.a.j.r.d.ReportGenerator: Will only generate report from results file: /Users/vishwa/Softwares/Test Scripts and Test Data/Results/result1.csv
2024-05-09 21:19:00,291 INFO o.a.j.r.d.ReportGenerator: Reading report generator properties from: /Users/vishwa/Softwares/apache-jmeter-5.6.3/bin/reportgenerator.properties
2024-05-09 21:19:00,292 INFO o.a.j.r.d.ReportGenerator: Merging with JMeter properties
2024-05-09 21:19:00,294 INFO o.a.j.r.c.ReportGeneratorConfiguration: Property 'jmeter.reportgenerator.temp_dir' not found, using default value 'temp' instead.
2024-05-09 21:19:00,298 INFO o.a.j.r.c.ReportGeneratorConfiguration: Property 'jmeter.reportgenerator.apdex_per_transaction' not found, using default value 'null' instead.
2024-05-09 21:19:00,305 INFO o.a.j.r.c.ReportGeneratorConfiguration: apdex_per_transaction is empty, not APDEX per transaction customization
2024-05-09 21:19:00,305 INFO o.a.j.r.c.ReportGeneratorConfiguration: Property 'jmeter.reportgenerator.sample_filter' not found, using default value 'null' instead.
2024-05-09 21:19:00,305 INFO o.a.j.r.c.ReportGeneratorConfiguration: Property 'jmeter.reportgenerator.report_title' not found, using default value 'null' instead.
2024-05-09 21:19:00,305 INFO o.a.j.r.c.ReportGeneratorConfiguration: Property 'jmeter.reportgenerator.start_date' not found, using default value 'null' instead.
2024-05-09 21:19:00,305 INFO o.a.j.r.c.ReportGeneratorConfiguration: Property 'jmeter.reportgenerator.end_date' not found, using default value 'null' instead.
2024-05-09 21:19:00,305 INFO o.a.j.r.c.ReportGeneratorConfiguration: Property 'jmeter.reportgenerator.date_format' not found, using default value 'null' instead.
2024-05-09 21:19:00,307 INFO o.a.j.r.c.ReportGeneratorConfiguration: Will use date range start date: null, end date: null
2024-05-09 21:19:00,308 INFO o.a.j.r.c.ReportGeneratorConfiguration: Property 'jmeter.reportgenerator.graph.totalTPS.exclude_controllers' not found, using default value 'false' instead.
2024-05-09 21:19:00,308 INFO o.a.j.r.c.ReportGeneratorConfiguration: Property 'jmeter.reportgenerator.graph.activeThreadsOverTime.exclude_controllers' not found, using default value 'false' instead.
2024-05-09 21:19:00,309 INFO o.a.j.r.c.ReportGeneratorConfiguration: Property 'jmeter.reportgenerator.graph.timeVsThreads.exclude_controllers' not found, using default value 'false' instead.
2024-05-09 21:19:00,309 INFO o.a.j.r.c.ReportGeneratorConfiguration: Property 'jmeter.reportgenerator.graph.responseTimeDistribution.exclude_controllers' not found, using default value 'false' instead.
2024-05-09 21:19:00,309 INFO o.a.j.r.c.ReportGeneratorConfiguration: Property 'jmeter.reportgenerator.graph.transactionsPerSecond.exclude_controllers' not found, using default value 'false' instead.
2024-05-09 21:19:00,309 INFO o.a.j.r.c.ReportGeneratorConfiguration: Property 'jmeter.reportgenerator.graph.responseTimePercentiles.exclude_controllers' not found, using default value 'false' instead.
2024-05-09 21:19:00,309 INFO o.a.j.r.c.ReportGeneratorConfiguration: Property 'jmeter.reportgenerator.graph.responseTimePercentilesOverTime.exclude_controllers' not found, using default value 'false' instead.
2024-05-09 21:19:00,309 INFO o.a.j.r.c.ReportGeneratorConfiguration: Property 'jmeter.reportgenerator.graph.responseTimesOverTime.exclude_controllers' not found, using default value 'false' instead.
2024-05-09 21:19:00,309 INFO o.a.j.r.c.ReportGeneratorConfiguration: Property 'jmeter.reportgenerator.graph.connectTimeOverTime.exclude_controllers' not found, using default value 'false' instead.
2024-05-09 21:19:00,309 INFO o.a.j.r.c.ReportGeneratorConfiguration: Property 'jmeter.reportgenerator.graph.latenciesOverTime.exclude_controllers' not found, using default value 'false' instead.
2024-05-09 21:19:00,309 INFO o.a.j.r.c.ReportGeneratorConfiguration: Property 'jmeter.reportgenerator.exporter.json.filters_only_sample_series' not found, using default value 'true' instead.
2024-05-09 21:19:00,309 INFO o.a.j.r.c.ReportGeneratorConfiguration: Property 'jmeter.reportgenerator.exporter.json.series_filter' not found, using default value '' instead.
2024-05-09 21:19:00,309 INFO o.a.j.r.c.ReportGeneratorConfiguration: Property 'jmeter.reportgenerator.exporter.json.show_controllers_only' not found, using default value 'false' instead.
2024-05-09 21:19:00,310 INFO o.a.j.r.c.ReportGeneratorConfiguration: Property 'jmeter.reportgenerator.exporter.html.filters_only_sample_series' not found, using default value 'true' instead.
2024-05-09 21:19:00,310 INFO o.a.j.r.c.ReportGeneratorConfiguration: Property 'jmeter.reportgenerator.exporter.html.series_filter' not found, using default value '' instead.
2024-05-09 21:19:00,310 INFO o.a.j.r.c.ReportGeneratorConfiguration: Property 'jmeter.reportgenerator.exporter.html.show_controllers_only' not found, using default value 'false' instead.
2024-05-09 21:19:00,414 INFO o.a.j.s.SaveService: Testplan (JMX) version: 2.2. Testlog (JTL) version: 2.2
2024-05-09 21:19:00,433 INFO o.a.j.s.SaveService: Using SaveService properties version 5.0
2024-05-09 21:19:00,435 INFO o.a.j.s.SaveService: Using SaveService properties file encoding UTF-8
2024-05-09 21:19:00,444 WARN o.a.j.s.CSVSaveService: Unknown column name 1715260475858
2024-05-09 21:19:00,447 WARN o.a.j.r.c.CsvSampleReader: File '/Users/vishwa/Softwares/Test Scripts and Test Data/Results/result1.csv' does not contain the field names header, ensure the jmeter.save.saveservice.* properties are the same as when the CSV file was created or the file may be read incorrectly when generating report
2024-05-09 21:19:00,449 INFO o.a.j.r.p.NormalizerSampleConsumer: Using format, 'ms', to parse timeStamp field
2024-05-09 21:19:00,472 INFO o.a.j.r.p.AbstractSampleConsumer: class org.apache.jmeter.report.processor.AggregateConsumer#stopProducing(): beginDate produced 0 samples
2024-05-09 21:19:00,472 INFO o.a.j.r.p.AbstractSampleConsumer: class org.apache.jmeter.report.processor.AggregateConsumer#stopProducing(): endDate produced 0 samples
2024-05-09 21:19:00,474 INFO o.a.j.r.p.AbstractSampleConsumer: class org.apache.jmeter.report.processor.ApdexSummaryConsumer#stopProducing(): apdexSummary produced 0 samples
2024-05-09 21:19:00,474 INFO o.a.j.r.p.AbstractSampleConsumer: class org.apache.jmeter.report.processor.RequestsSummaryConsumer#stopProducing(): requestsSummary produced 0 samples
2024-05-09 21:19:00,477 INFO o.a.j.r.p.AbstractSampleConsumer: class org.apache.jmeter.report.processor.StatisticsSummaryConsumer#stopProducing(): statisticsSummary produced 0 samples
2024-05-09 21:19:00,477 INFO o.a.j.r.p.AbstractSampleConsumer: class org.apache.jmeter.report.processor.Top5ErrorsBySamplerConsumer#stopProducing(): top5ErrorsBySampler produced 0 samples
2024-05-09 21:19:00,477 INFO o.a.j.r.p.AbstractSampleConsumer: class org.apache.jmeter.report.processor.ErrorsSummaryConsumer#stopProducing(): errorsSummary produced 0 samples
2024-05-09 21:19:00,478 INFO o.a.j.r.p.AbstractSampleConsumer: class org.apache.jmeter.report.processor.graph.impl.HitsPerSecondGraphConsumer#stopProducing(): hitsPerSecond produced 0 samples
2024-05-09 21:19:00,484 INFO o.a.j.r.p.AbstractSampleConsumer: class org.apache.jmeter.report.processor.graph.impl.LatencyVSRequestGraphConsumer#stopProducing(): latencyVsRequest produced 0 samples
2024-05-09 21:19:00,484 INFO o.a.j.r.p.AbstractSampleConsumer: class org.apache.jmeter.report.processor.graph.impl.SyntheticResponseTimeDistributionGraphConsumer#stopProducing(): syntheticResponseTimeDistribution produced 0 samples
2024-05-09 21:19:00,484 INFO o.a.j.r.p.AbstractSampleConsumer: class org.apache.jmeter.report.processor.graph.impl.BytesThroughputGraphConsumer#stopProducing(): bytesThroughputOverTime produced 0 samples
2024-05-09 21:19:00,484 INFO o.a.j.r.p.AbstractSampleConsumer: class org.apache.jmeter.report.processor.graph.impl.CodesPerSecondGraphConsumer#stopProducing(): codesPerSecond produced 0 samples
2024-05-09 21:19:00,485 INFO o.a.j.r.p.AbstractSampleConsumer: class org.apache.jmeter.report.processor.graph.impl.ResponseTimeVSRequestGraphConsumer#stopProducing(): responseTimeVsRequest produced 0 samples
2024-05-09 21:19:00,485 INFO o.a.j.r.p.AbstractSampleConsumer: class org.apache.jmeter.report.processor.FilterConsumer#stopProducing(): startIntervalControlerFilter produced 21 samples
2024-05-09 21:19:00,485 INFO o.a.j.r.p.AbstractSampleConsumer: class org.apache.jmeter.report.processor.graph.impl.TotalTPSGraphConsumer#stopProducing(): totalTPS produced 0 samples
2024-05-09 21:19:00,485 INFO o.a.j.r.p.AbstractSampleConsumer: class org.apache.jmeter.report.processor.graph.impl.ActiveThreadsGraphConsumer#stopProducing(): activeThreadsOverTime produced 0 samples
2024-05-09 21:19:00,485 INFO o.a.j.r.p.AbstractSampleConsumer: class org.apache.jmeter.report.processor.graph.impl.TimeVSThreadGraphConsumer#stopProducing(): timeVsThreads produced 0 samples
2024-05-09 21:19:00,485 INFO o.a.j.r.p.AbstractSampleConsumer: class org.apache.jmeter.report.processor.graph.impl.ResponseTimeDistributionGraphConsumer#stopProducing(): responseTimeDistribution produced 0 samples
2024-05-09 21:19:00,485 INFO o.a.j.r.p.AbstractSampleConsumer: class org.apache.jmeter.report.processor.graph.impl.TransactionsPerSecondGraphConsumer#stopProducing(): transactionsPerSecond produced 0 samples
2024-05-09 21:19:00,485 INFO o.a.j.r.p.AbstractSampleConsumer: class org.apache.jmeter.report.processor.graph.impl.ResponseTimePercentilesGraphConsumer#stopProducing(): responseTimePercentiles produced 0 samples
2024-05-09 21:19:00,486 INFO o.a.j.r.p.AbstractSampleConsumer: class org.apache.jmeter.report.processor.graph.impl.ResponseTimePercentilesOverTimeGraphConsumer#stopProducing(): responseTimePercentilesOverTime produced 0 samples
2024-05-09 21:19:00,486 INFO o.a.j.r.p.AbstractSampleConsumer: class org.apache.jmeter.report.processor.graph.impl.ResponseTimeOverTimeGraphConsumer#stopProducing(): responseTimesOverTime produced 0 samples
2024-05-09 21:19:00,486 INFO o.a.j.r.p.AbstractSampleConsumer: class org.apache.jmeter.report.processor.graph.impl.ConnectTimeOverTimeGraphConsumer#stopProducing(): connectTimeOverTime produced 0 samples
2024-05-09 21:19:00,486 INFO o.a.j.r.p.AbstractSampleConsumer: class org.apache.jmeter.report.processor.graph.impl.LatencyOverTimeGraphConsumer#stopProducing(): latenciesOverTime produced 0 samples
2024-05-09 21:19:00,486 INFO o.a.j.r.p.AbstractSampleConsumer: class org.apache.jmeter.report.processor.FilterConsumer#stopProducing(): nameFilter produced 45 samples
2024-05-09 21:19:00,486 INFO o.a.j.r.p.AbstractSampleConsumer: class org.apache.jmeter.report.processor.FilterConsumer#stopProducing(): dateRangeFilter produced 9 samples
2024-05-09 21:19:00,486 INFO o.a.j.r.p.AbstractSampleConsumer: class org.apache.jmeter.report.processor.NormalizerSampleConsumer#stopProducing(): normalizer produced 3 samples
2024-05-09 21:19:00,487 INFO o.a.j.r.p.CsvFileSampleSource: produce(): 3 samples produced in 26ms on channel 0
2024-05-09 21:19:00,487 INFO o.a.j.r.d.ReportGenerator: Exporting data using exporter:'json' of className:'org.apache.jmeter.report.dashboard.JsonExporter'
2024-05-09 21:19:00,523 INFO o.a.j.r.d.JsonExporter: Found data for consumer statisticsSummary in context
2024-05-09 21:19:00,523 INFO o.a.j.r.d.JsonExporter: Creating statistics for overall
2024-05-09 21:19:00,523 INFO o.a.j.r.d.JsonExporter: Creating statistics for other transactions
2024-05-09 21:19:00,523 INFO o.a.j.r.d.JsonExporter: Checking output folder
2024-05-09 21:19:00,523 INFO o.a.j.r.d.JsonExporter: Writing statistics JSON to /Users/vishwa/Softwares/Test Scripts and Test Data/Reports/report3/statistics.json
2024-05-09 21:19:00,542 INFO o.a.j.r.d.ReportGenerator: Exporting data using exporter:'html' of className:'org.apache.jmeter.report.dashboard.HtmlTemplateExporter'
2024-05-09 21:19:00,544 INFO o.a.j.r.d.HtmlTemplateExporter: Will generate dashboard in folder: /Users/vishwa/Softwares/Test Scripts and Test Data/Reports/report3
2024-05-09 21:19:00,602 INFO o.a.j.r.d.HtmlTemplateExporter: Report will be generated in: /Users/vishwa/Softwares/Test Scripts and Test Data/Reports/report3, creating folder structure
2024-05-09 21:19:00,603 INFO o.a.j.r.d.TemplateVisitor: Copying folder from '/Users/vishwa/Softwares/apache-jmeter-5.6.3/bin/report-template' to '/Users/vishwa/Softwares/Test Scripts and Test Data/Reports/report3', got message: /Users/vishwa/Softwares/Test Scripts and Test Data/Reports/report3, found non empty folder with following content [/Users/vishwa/Softwares/Test Scripts and Test Data/Reports/report3/statistics.json], will be ignored
