2024-06-03 10:22:01,817 INFO o.a.j.u.JMeterUtils: Setting Locale to en_MY
2024-06-03 10:22:01,846 INFO o.a.j.JMeter: Loading user properties from: user.properties
2024-06-03 10:22:01,847 INFO o.a.j.JMeter: Loading system properties from: system.properties
2024-06-03 10:22:01,850 INFO o.a.j.JMeter: Copyright (c) 1998-2024 The Apache Software Foundation
2024-06-03 10:22:01,850 INFO o.a.j.JMeter: Version 5.6.3
2024-06-03 10:22:01,850 INFO o.a.j.JMeter: java.version=21.0.1
2024-06-03 10:22:01,850 INFO o.a.j.JMeter: java.vm.name=OpenJDK 64-Bit Server VM
2024-06-03 10:22:01,850 INFO o.a.j.JMeter: os.name=Mac OS X
2024-06-03 10:22:01,850 INFO o.a.j.JMeter: os.arch=aarch64
2024-06-03 10:22:01,850 INFO o.a.j.JMeter: os.version=14.1.1
2024-06-03 10:22:01,850 INFO o.a.j.JMeter: file.encoding=UTF-8
2024-06-03 10:22:01,850 INFO o.a.j.JMeter: java.awt.headless=null
2024-06-03 10:22:01,851 INFO o.a.j.JMeter: Max memory     =4294967296
2024-06-03 10:22:01,851 INFO o.a.j.JMeter: Available Processors =8
2024-06-03 10:22:01,856 INFO o.a.j.JMeter: Default Locale=English (Malaysia)
2024-06-03 10:22:01,856 INFO o.a.j.JMeter: JMeter  Locale=English (Malaysia)
2024-06-03 10:22:01,856 INFO o.a.j.JMeter: JMeterHome=/Users/vishwa/Softwares/JMeter/apache-jmeter-5.6.3
2024-06-03 10:22:01,856 INFO o.a.j.JMeter: user.dir  =/Users/vishwa/Softwares/JMeter/apache-jmeter-5.6.3/bin
2024-06-03 10:22:01,856 INFO o.a.j.JMeter: PWD       =/Users/vishwa/Softwares/JMeter/apache-jmeter-5.6.3/bin
2024-06-03 10:22:01,858 INFO o.a.j.JMeter: IP: 127.0.0.1 Name: Vishwanathas-MacBook-Pro.local FullName: localhost
2024-06-03 10:22:01,864 INFO o.a.j.JMeter: Loaded icon properties from org/apache/jmeter/images/icon.properties
2024-06-03 10:22:02,287 INFO o.a.j.JMeterGuiLauncher: Setting LAF to: com.github.weisj.darklaf.DarkLaf:com.github.weisj.darklaf.theme.DarculaTheme
2024-06-03 10:22:03,288 INFO o.a.j.r.ClassFinder: Will scan jar /Users/vishwa/Softwares/JMeter/apache-jmeter-5.6.3/lib/ext/jmeter-plugins-graphs-additional-2.0.jar with filter ExtendsClassFilter [parents=[interface org.apache.jmeter.gui.action.Command], inner=false, contains=null, notContains=null]. Consider exposing JMeter plugins via META-INF/services, and add JMeter-Skip-Class-Scanning=true manifest attribute so JMeter can skip classfile scanning
2024-06-03 10:22:03,291 INFO o.a.j.r.ClassFinder: Will scan jar /Users/vishwa/Softwares/JMeter/apache-jmeter-5.6.3/lib/ext/jmeter-plugins-manager-1.10.jar with filter ExtendsClassFilter [parents=[interface org.apache.jmeter.gui.action.Command], inner=false, contains=null, notContains=null]. Consider exposing JMeter plugins via META-INF/services, and add JMeter-Skip-Class-Scanning=true manifest attribute so JMeter can skip classfile scanning
2024-06-03 10:22:03,330 INFO o.a.j.r.ClassFinder: Will scan jar /Users/vishwa/Softwares/JMeter/apache-jmeter-5.6.3/lib/ext/jmeter-plugins-casutg-2.10.jar with filter ExtendsClassFilter [parents=[interface org.apache.jmeter.gui.action.Command], inner=false, contains=null, notContains=null]. Consider exposing JMeter plugins via META-INF/services, and add JMeter-Skip-Class-Scanning=true manifest attribute so JMeter can skip classfile scanning
2024-06-03 10:22:03,336 INFO o.a.j.r.ClassFinder: Will scan jar /Users/vishwa/Softwares/JMeter/apache-jmeter-5.6.3/lib/ext/jmeter-plugins-graphs-basic-2.0.jar with filter ExtendsClassFilter [parents=[interface org.apache.jmeter.gui.action.Command], inner=false, contains=null, notContains=null]. Consider exposing JMeter plugins via META-INF/services, and add JMeter-Skip-Class-Scanning=true manifest attribute so JMeter can skip classfile scanning
2024-06-03 10:22:03,337 INFO o.a.j.r.ClassFinder: Will scan jar /Users/vishwa/Softwares/JMeter/apache-jmeter-5.6.3/lib/ext/jmeter-plugins-perfmon-2.1.jar with filter ExtendsClassFilter [parents=[interface org.apache.jmeter.gui.action.Command], inner=false, contains=null, notContains=null]. Consider exposing JMeter plugins via META-INF/services, and add JMeter-Skip-Class-Scanning=true manifest attribute so JMeter can skip classfile scanning
2024-06-03 10:22:03,371 INFO o.a.j.r.ClassFinder: Will scan jar /Users/vishwa/Softwares/JMeter/apache-jmeter-5.6.3/lib/ext/jmeter-plugins-graphs-additional-2.0.jar with filter ExtendsClassFilter [parents=[interface org.apache.jmeter.gui.plugin.MenuCreator], inner=false, contains=null, notContains=null]. Consider exposing JMeter plugins via META-INF/services, and add JMeter-Skip-Class-Scanning=true manifest attribute so JMeter can skip classfile scanning
2024-06-03 10:22:03,371 INFO o.a.j.r.ClassFinder: Will scan jar /Users/vishwa/Softwares/JMeter/apache-jmeter-5.6.3/lib/ext/jmeter-plugins-manager-1.10.jar with filter ExtendsClassFilter [parents=[interface org.apache.jmeter.gui.plugin.MenuCreator], inner=false, contains=null, notContains=null]. Consider exposing JMeter plugins via META-INF/services, and add JMeter-Skip-Class-Scanning=true manifest attribute so JMeter can skip classfile scanning
2024-06-03 10:22:03,372 INFO o.a.j.r.ClassFinder: Will scan jar /Users/vishwa/Softwares/JMeter/apache-jmeter-5.6.3/lib/ext/jmeter-plugins-casutg-2.10.jar with filter ExtendsClassFilter [parents=[interface org.apache.jmeter.gui.plugin.MenuCreator], inner=false, contains=null, notContains=null]. Consider exposing JMeter plugins via META-INF/services, and add JMeter-Skip-Class-Scanning=true manifest attribute so JMeter can skip classfile scanning
2024-06-03 10:22:03,372 INFO o.a.j.r.ClassFinder: Will scan jar /Users/vishwa/Softwares/JMeter/apache-jmeter-5.6.3/lib/ext/jmeter-plugins-graphs-basic-2.0.jar with filter ExtendsClassFilter [parents=[interface org.apache.jmeter.gui.plugin.MenuCreator], inner=false, contains=null, notContains=null]. Consider exposing JMeter plugins via META-INF/services, and add JMeter-Skip-Class-Scanning=true manifest attribute so JMeter can skip classfile scanning
2024-06-03 10:22:03,373 INFO o.a.j.r.ClassFinder: Will scan jar /Users/vishwa/Softwares/JMeter/apache-jmeter-5.6.3/lib/ext/jmeter-plugins-perfmon-2.1.jar with filter ExtendsClassFilter [parents=[interface org.apache.jmeter.gui.plugin.MenuCreator], inner=false, contains=null, notContains=null]. Consider exposing JMeter plugins via META-INF/services, and add JMeter-Skip-Class-Scanning=true manifest attribute so JMeter can skip classfile scanning
2024-06-03 10:22:03,438 INFO o.j.r.JARSourceHTTP: Requesting https://jmeter-plugins.org/repo/?installID=mac_os_x-a25e11c51106ce28ee1dc98979547ce7-gui
2024-06-03 10:22:06,313 INFO o.j.r.PluginManager: Plugins Status: [jpgc-graphs-basic=2.0, jpgc-graphs-additional=2.0, jpgc-casutg=2.10, jpgc-perfmon=2.1, jpgc-plugins-manager=1.10, jmeter-core=5.6.3, jmeter-ftp=5.6.3, jmeter-http=5.6.3, jmeter-jdbc=5.6.3, jmeter-jms=5.6.3, jmeter-junit=5.6.3, jmeter-java=5.6.3, jmeter-ldap=5.6.3, jmeter-mail=5.6.3, jmeter-mongodb=5.6.3, jmeter-native=5.6.3, jmeter-tcp=5.6.3, jmeter-components=5.6.3]
2024-06-03 10:22:20,720 INFO o.a.j.s.FileServer: Default base='/Users/vishwa/Softwares/JMeter/apache-jmeter-5.6.3/bin'
2024-06-03 10:22:20,722 INFO o.a.j.g.a.Load: Loading file: /Users/vishwa/Softwares/JMeter/Test Scripts-Data-Result/TestScript/Test Plan - JpetStore Project.jmx
2024-06-03 10:22:20,722 INFO o.a.j.s.FileServer: Set new base='/Users/vishwa/Softwares/JMeter/Test Scripts-Data-Result/TestScript'
2024-06-03 10:22:20,824 INFO o.a.j.s.SaveService: Testplan (JMX) version: 2.2. Testlog (JTL) version: 2.2
2024-06-03 10:22:20,827 INFO o.a.j.s.SaveService: Using SaveService properties version 5.0
2024-06-03 10:22:20,828 INFO o.a.j.s.SaveService: Using SaveService properties file encoding UTF-8
2024-06-03 10:22:20,829 INFO o.a.j.s.SaveService: Loading file: /Users/vishwa/Softwares/JMeter/Test Scripts-Data-Result/TestScript/Test Plan - JpetStore Project.jmx
2024-06-03 10:22:20,952 INFO o.a.j.p.h.c.CookieManager: Settings: Delete null: true Check: true Allow variable: true Save: false Prefix: COOKIE_
2024-06-03 10:22:20,957 INFO o.a.j.p.h.s.HTTPSamplerBase: Parser for text/html is org.apache.jmeter.protocol.http.parser.LagartoBasedHtmlParser
2024-06-03 10:22:20,957 INFO o.a.j.p.h.s.HTTPSamplerBase: Parser for application/xhtml+xml is org.apache.jmeter.protocol.http.parser.LagartoBasedHtmlParser
2024-06-03 10:22:20,957 INFO o.a.j.p.h.s.HTTPSamplerBase: Parser for application/xml is org.apache.jmeter.protocol.http.parser.LagartoBasedHtmlParser
2024-06-03 10:22:20,957 INFO o.a.j.p.h.s.HTTPSamplerBase: Parser for text/xml is org.apache.jmeter.protocol.http.parser.LagartoBasedHtmlParser
2024-06-03 10:22:20,957 INFO o.a.j.p.h.s.HTTPSamplerBase: Parser for text/vnd.wap.wml is org.apache.jmeter.protocol.http.parser.RegexpHTMLParser
2024-06-03 10:22:20,957 INFO o.a.j.p.h.s.HTTPSamplerBase: Parser for text/css is org.apache.jmeter.protocol.http.parser.CssParser
2024-06-03 10:22:21,072 INFO o.a.j.e.KeyToolUtils: keytool found at 'keytool'
2024-06-03 10:22:21,073 INFO o.a.j.p.h.p.ProxyControl: HTTP(S) Test Script Recorder SSL Proxy will use keys that support embedded 3rd party resources in file /Users/vishwa/Softwares/JMeter/apache-jmeter-5.6.3/bin/proxyserver.jks
2024-06-03 10:22:21,210 INFO o.a.j.e.u.CompoundVariable: Note: Function class names must contain the string: '.functions.'
2024-06-03 10:22:21,210 INFO o.a.j.e.u.CompoundVariable: Note: Function class names must not contain the string: '.gui.'
2024-06-03 10:22:21,233 INFO o.a.j.r.ClassFinder: Will scan jar /Users/vishwa/Softwares/JMeter/apache-jmeter-5.6.3/lib/ext/jmeter-plugins-graphs-additional-2.0.jar with filter ExtendsClassFilter [parents=[interface org.apache.jmeter.functions.Function], inner=false, contains=null, notContains=null]. Consider exposing JMeter plugins via META-INF/services, and add JMeter-Skip-Class-Scanning=true manifest attribute so JMeter can skip classfile scanning
2024-06-03 10:22:21,233 INFO o.a.j.r.ClassFinder: Will scan jar /Users/vishwa/Softwares/JMeter/apache-jmeter-5.6.3/lib/ext/jmeter-plugins-manager-1.10.jar with filter ExtendsClassFilter [parents=[interface org.apache.jmeter.functions.Function], inner=false, contains=null, notContains=null]. Consider exposing JMeter plugins via META-INF/services, and add JMeter-Skip-Class-Scanning=true manifest attribute so JMeter can skip classfile scanning
2024-06-03 10:22:21,234 INFO o.a.j.r.ClassFinder: Will scan jar /Users/vishwa/Softwares/JMeter/apache-jmeter-5.6.3/lib/ext/jmeter-plugins-casutg-2.10.jar with filter ExtendsClassFilter [parents=[interface org.apache.jmeter.functions.Function], inner=false, contains=null, notContains=null]. Consider exposing JMeter plugins via META-INF/services, and add JMeter-Skip-Class-Scanning=true manifest attribute so JMeter can skip classfile scanning
2024-06-03 10:22:21,234 INFO o.a.j.r.ClassFinder: Will scan jar /Users/vishwa/Softwares/JMeter/apache-jmeter-5.6.3/lib/ext/jmeter-plugins-graphs-basic-2.0.jar with filter ExtendsClassFilter [parents=[interface org.apache.jmeter.functions.Function], inner=false, contains=null, notContains=null]. Consider exposing JMeter plugins via META-INF/services, and add JMeter-Skip-Class-Scanning=true manifest attribute so JMeter can skip classfile scanning
2024-06-03 10:22:21,234 INFO o.a.j.r.ClassFinder: Will scan jar /Users/vishwa/Softwares/JMeter/apache-jmeter-5.6.3/lib/ext/jmeter-plugins-perfmon-2.1.jar with filter ExtendsClassFilter [parents=[interface org.apache.jmeter.functions.Function], inner=false, contains=null, notContains=null]. Consider exposing JMeter plugins via META-INF/services, and add JMeter-Skip-Class-Scanning=true manifest attribute so JMeter can skip classfile scanning
2024-06-03 10:22:21,438 INFO o.a.j.s.SampleResult: Note: Sample TimeStamps are START times
2024-06-03 10:22:21,438 INFO o.a.j.s.SampleResult: sampleresult.default.encoding is set to UTF-8
2024-06-03 10:22:21,438 INFO o.a.j.s.SampleResult: sampleresult.useNanoTime=true
2024-06-03 10:22:21,438 INFO o.a.j.s.SampleResult: sampleresult.nanoThreadSleep=5000
2024-06-03 10:22:21,491 INFO o.a.j.r.ClassFinder: Will scan jar /Users/vishwa/Softwares/JMeter/apache-jmeter-5.6.3/lib/ext/jmeter-plugins-graphs-additional-2.0.jar with filter ExtendsClassFilter [parents=[interface org.apache.jmeter.visualizers.ResultRenderer], inner=false, contains=null, notContains=null]. Consider exposing JMeter plugins via META-INF/services, and add JMeter-Skip-Class-Scanning=true manifest attribute so JMeter can skip classfile scanning
2024-06-03 10:22:21,491 INFO o.a.j.r.ClassFinder: Will scan jar /Users/vishwa/Softwares/JMeter/apache-jmeter-5.6.3/lib/ext/jmeter-plugins-manager-1.10.jar with filter ExtendsClassFilter [parents=[interface org.apache.jmeter.visualizers.ResultRenderer], inner=false, contains=null, notContains=null]. Consider exposing JMeter plugins via META-INF/services, and add JMeter-Skip-Class-Scanning=true manifest attribute so JMeter can skip classfile scanning
2024-06-03 10:22:21,492 INFO o.a.j.r.ClassFinder: Will scan jar /Users/vishwa/Softwares/JMeter/apache-jmeter-5.6.3/lib/ext/jmeter-plugins-casutg-2.10.jar with filter ExtendsClassFilter [parents=[interface org.apache.jmeter.visualizers.ResultRenderer], inner=false, contains=null, notContains=null]. Consider exposing JMeter plugins via META-INF/services, and add JMeter-Skip-Class-Scanning=true manifest attribute so JMeter can skip classfile scanning
2024-06-03 10:22:21,492 INFO o.a.j.r.ClassFinder: Will scan jar /Users/vishwa/Softwares/JMeter/apache-jmeter-5.6.3/lib/ext/jmeter-plugins-graphs-basic-2.0.jar with filter ExtendsClassFilter [parents=[interface org.apache.jmeter.visualizers.ResultRenderer], inner=false, contains=null, notContains=null]. Consider exposing JMeter plugins via META-INF/services, and add JMeter-Skip-Class-Scanning=true manifest attribute so JMeter can skip classfile scanning
2024-06-03 10:22:21,493 INFO o.a.j.r.ClassFinder: Will scan jar /Users/vishwa/Softwares/JMeter/apache-jmeter-5.6.3/lib/ext/jmeter-plugins-perfmon-2.1.jar with filter ExtendsClassFilter [parents=[interface org.apache.jmeter.visualizers.ResultRenderer], inner=false, contains=null, notContains=null]. Consider exposing JMeter plugins via META-INF/services, and add JMeter-Skip-Class-Scanning=true manifest attribute so JMeter can skip classfile scanning
2024-06-03 10:22:21,500 INFO o.a.j.r.ClassFinder: Will scan jar /Users/vishwa/Softwares/JMeter/apache-jmeter-5.6.3/lib/ext/jmeter-plugins-graphs-additional-2.0.jar with filter ExtendsClassFilter [parents=[interface org.apache.jmeter.visualizers.RequestView], inner=false, contains=null, notContains=null]. Consider exposing JMeter plugins via META-INF/services, and add JMeter-Skip-Class-Scanning=true manifest attribute so JMeter can skip classfile scanning
2024-06-03 10:22:21,500 INFO o.a.j.r.ClassFinder: Will scan jar /Users/vishwa/Softwares/JMeter/apache-jmeter-5.6.3/lib/ext/jmeter-plugins-manager-1.10.jar with filter ExtendsClassFilter [parents=[interface org.apache.jmeter.visualizers.RequestView], inner=false, contains=null, notContains=null]. Consider exposing JMeter plugins via META-INF/services, and add JMeter-Skip-Class-Scanning=true manifest attribute so JMeter can skip classfile scanning
2024-06-03 10:22:21,501 INFO o.a.j.r.ClassFinder: Will scan jar /Users/vishwa/Softwares/JMeter/apache-jmeter-5.6.3/lib/ext/jmeter-plugins-casutg-2.10.jar with filter ExtendsClassFilter [parents=[interface org.apache.jmeter.visualizers.RequestView], inner=false, contains=null, notContains=null]. Consider exposing JMeter plugins via META-INF/services, and add JMeter-Skip-Class-Scanning=true manifest attribute so JMeter can skip classfile scanning
2024-06-03 10:22:21,501 INFO o.a.j.r.ClassFinder: Will scan jar /Users/vishwa/Softwares/JMeter/apache-jmeter-5.6.3/lib/ext/jmeter-plugins-graphs-basic-2.0.jar with filter ExtendsClassFilter [parents=[interface org.apache.jmeter.visualizers.RequestView], inner=false, contains=null, notContains=null]. Consider exposing JMeter plugins via META-INF/services, and add JMeter-Skip-Class-Scanning=true manifest attribute so JMeter can skip classfile scanning
2024-06-03 10:22:21,502 INFO o.a.j.r.ClassFinder: Will scan jar /Users/vishwa/Softwares/JMeter/apache-jmeter-5.6.3/lib/ext/jmeter-plugins-perfmon-2.1.jar with filter ExtendsClassFilter [parents=[interface org.apache.jmeter.visualizers.RequestView], inner=false, contains=null, notContains=null]. Consider exposing JMeter plugins via META-INF/services, and add JMeter-Skip-Class-Scanning=true manifest attribute so JMeter can skip classfile scanning
2024-06-03 10:22:21,559 INFO o.a.j.r.ClassFinder: Will scan jar /Users/vishwa/Softwares/JMeter/apache-jmeter-5.6.3/lib/ext/jmeter-plugins-graphs-additional-2.0.jar with filter ExtendsClassFilter [parents=[interface org.apache.jmeter.visualizers.ResultRenderer], inner=false, contains=null, notContains=null]. Consider exposing JMeter plugins via META-INF/services, and add JMeter-Skip-Class-Scanning=true manifest attribute so JMeter can skip classfile scanning
2024-06-03 10:22:21,560 INFO o.a.j.r.ClassFinder: Will scan jar /Users/vishwa/Softwares/JMeter/apache-jmeter-5.6.3/lib/ext/jmeter-plugins-manager-1.10.jar with filter ExtendsClassFilter [parents=[interface org.apache.jmeter.visualizers.ResultRenderer], inner=false, contains=null, notContains=null]. Consider exposing JMeter plugins via META-INF/services, and add JMeter-Skip-Class-Scanning=true manifest attribute so JMeter can skip classfile scanning
2024-06-03 10:22:21,560 INFO o.a.j.r.ClassFinder: Will scan jar /Users/vishwa/Softwares/JMeter/apache-jmeter-5.6.3/lib/ext/jmeter-plugins-casutg-2.10.jar with filter ExtendsClassFilter [parents=[interface org.apache.jmeter.visualizers.ResultRenderer], inner=false, contains=null, notContains=null]. Consider exposing JMeter plugins via META-INF/services, and add JMeter-Skip-Class-Scanning=true manifest attribute so JMeter can skip classfile scanning
2024-06-03 10:22:21,561 INFO o.a.j.r.ClassFinder: Will scan jar /Users/vishwa/Softwares/JMeter/apache-jmeter-5.6.3/lib/ext/jmeter-plugins-graphs-basic-2.0.jar with filter ExtendsClassFilter [parents=[interface org.apache.jmeter.visualizers.ResultRenderer], inner=false, contains=null, notContains=null]. Consider exposing JMeter plugins via META-INF/services, and add JMeter-Skip-Class-Scanning=true manifest attribute so JMeter can skip classfile scanning
2024-06-03 10:22:21,561 INFO o.a.j.r.ClassFinder: Will scan jar /Users/vishwa/Softwares/JMeter/apache-jmeter-5.6.3/lib/ext/jmeter-plugins-perfmon-2.1.jar with filter ExtendsClassFilter [parents=[interface org.apache.jmeter.visualizers.ResultRenderer], inner=false, contains=null, notContains=null]. Consider exposing JMeter plugins via META-INF/services, and add JMeter-Skip-Class-Scanning=true manifest attribute so JMeter can skip classfile scanning
2024-06-03 10:22:21,565 INFO o.a.j.r.ClassFinder: Will scan jar /Users/vishwa/Softwares/JMeter/apache-jmeter-5.6.3/lib/ext/jmeter-plugins-graphs-additional-2.0.jar with filter ExtendsClassFilter [parents=[interface org.apache.jmeter.visualizers.RequestView], inner=false, contains=null, notContains=null]. Consider exposing JMeter plugins via META-INF/services, and add JMeter-Skip-Class-Scanning=true manifest attribute so JMeter can skip classfile scanning
2024-06-03 10:22:21,566 INFO o.a.j.r.ClassFinder: Will scan jar /Users/vishwa/Softwares/JMeter/apache-jmeter-5.6.3/lib/ext/jmeter-plugins-manager-1.10.jar with filter ExtendsClassFilter [parents=[interface org.apache.jmeter.visualizers.RequestView], inner=false, contains=null, notContains=null]. Consider exposing JMeter plugins via META-INF/services, and add JMeter-Skip-Class-Scanning=true manifest attribute so JMeter can skip classfile scanning
2024-06-03 10:22:21,567 INFO o.a.j.r.ClassFinder: Will scan jar /Users/vishwa/Softwares/JMeter/apache-jmeter-5.6.3/lib/ext/jmeter-plugins-casutg-2.10.jar with filter ExtendsClassFilter [parents=[interface org.apache.jmeter.visualizers.RequestView], inner=false, contains=null, notContains=null]. Consider exposing JMeter plugins via META-INF/services, and add JMeter-Skip-Class-Scanning=true manifest attribute so JMeter can skip classfile scanning
2024-06-03 10:22:21,567 INFO o.a.j.r.ClassFinder: Will scan jar /Users/vishwa/Softwares/JMeter/apache-jmeter-5.6.3/lib/ext/jmeter-plugins-graphs-basic-2.0.jar with filter ExtendsClassFilter [parents=[interface org.apache.jmeter.visualizers.RequestView], inner=false, contains=null, notContains=null]. Consider exposing JMeter plugins via META-INF/services, and add JMeter-Skip-Class-Scanning=true manifest attribute so JMeter can skip classfile scanning
2024-06-03 10:22:21,567 INFO o.a.j.r.ClassFinder: Will scan jar /Users/vishwa/Softwares/JMeter/apache-jmeter-5.6.3/lib/ext/jmeter-plugins-perfmon-2.1.jar with filter ExtendsClassFilter [parents=[interface org.apache.jmeter.visualizers.RequestView], inner=false, contains=null, notContains=null]. Consider exposing JMeter plugins via META-INF/services, and add JMeter-Skip-Class-Scanning=true manifest attribute so JMeter can skip classfile scanning
2024-06-03 10:22:21,964 INFO o.a.j.s.FileServer: Set new base='/Users/vishwa/Softwares/JMeter/Test Scripts-Data-Result/TestScript'
